INFO - 09/18/20 10:25:38 - 0:00:00 - <fake_opt.Asr_train object at 0x7f00c51fdee0>
INFO - 09/18/20 10:25:46 - 0:00:07 - Building dataset.
INFO - 09/18/20 10:26:48 - 0:00:00 - <fake_opt.Asr_train object at 0x7f465e467fa0>
INFO - 09/18/20 10:26:50 - 0:00:02 - Building dataset.
INFO - 09/18/20 10:27:57 - 0:00:00 - <fake_opt.Asr_train object at 0x7f10aacf9d90>
INFO - 09/18/20 10:27:57 - 0:00:00 - Building dataset.
INFO - 09/18/20 10:29:46 - 0:00:00 - <fake_opt.Asr_train object at 0x7f680a83df40>
INFO - 09/18/20 10:29:46 - 0:00:00 - Building dataset.
INFO - 09/18/20 10:31:09 - 0:00:00 - <fake_opt.Asr_train object at 0x7f6b710e5340>
INFO - 09/18/20 10:31:09 - 0:00:00 - Building dataset.
INFO - 09/18/20 10:31:29 - 0:00:00 - <fake_opt.Asr_train object at 0x7f00acb1f220>
INFO - 09/18/20 10:31:29 - 0:00:00 - Building dataset.
INFO - 09/18/20 10:32:04 - 0:00:00 - <fake_opt.Asr_train object at 0x7f86e4165310>
INFO - 09/18/20 10:32:04 - 0:00:00 - Building dataset.
INFO - 09/18/20 10:43:18 - 0:00:00 - <fake_opt.Asr_train object at 0x7fc1f0d53490>
INFO - 09/18/20 10:43:18 - 0:00:00 - Building dataset.
INFO - 09/18/20 10:43:48 - 0:00:00 - <fake_opt.Asr_train object at 0x7f26411bb460>
INFO - 09/18/20 10:43:48 - 0:00:00 - Building dataset.
INFO - 09/18/20 10:44:19 - 0:00:00 - <fake_opt.Asr_train object at 0x7f38f67b8520>
INFO - 09/18/20 10:44:19 - 0:00:00 - Building dataset.
INFO - 09/18/20 10:44:35 - 0:00:00 - <fake_opt.Asr_train object at 0x7f27cc5d94f0>
INFO - 09/18/20 10:44:35 - 0:00:00 - Building dataset.
INFO - 09/18/20 10:44:49 - 0:00:00 - <fake_opt.Asr_train object at 0x7f7176f73460>
INFO - 09/18/20 10:44:49 - 0:00:00 - Building dataset.
INFO - 09/18/20 10:45:29 - 0:00:00 - <fake_opt.Asr_train object at 0x7fe588ddf4f0>
INFO - 09/18/20 10:45:29 - 0:00:00 - Building dataset.
INFO - 09/18/20 10:50:04 - 0:00:00 - <fake_opt.Asr_train object at 0x7f656941b400>
INFO - 09/18/20 10:50:04 - 0:00:00 - Building dataset.
INFO - 09/18/20 10:50:39 - 0:00:00 - <fake_opt.Asr_train object at 0x7fce8e91d460>
INFO - 09/18/20 10:50:39 - 0:00:00 - Building dataset.
INFO - 09/18/20 10:51:54 - 0:00:00 - <fake_opt.Asr_train object at 0x7f41c53f14f0>
INFO - 09/18/20 10:51:54 - 0:00:00 - Building dataset.
INFO - 09/18/20 10:52:15 - 0:00:00 - <fake_opt.Asr_train object at 0x7f70606f44f0>
INFO - 09/18/20 10:52:15 - 0:00:00 - Building dataset.
INFO - 09/18/20 10:52:38 - 0:00:00 - <fake_opt.Asr_train object at 0x7f243c2764f0>
INFO - 09/18/20 10:52:38 - 0:00:00 - Building dataset.
INFO - 09/18/20 10:55:06 - 0:00:00 - <fake_opt.Asr_train object at 0x7f6736c3c460>
INFO - 09/18/20 10:55:06 - 0:00:00 - Building dataset.
INFO - 09/18/20 11:00:58 - 0:00:00 - <fake_opt.Asr_train object at 0x7f55784df490>
INFO - 09/18/20 11:00:58 - 0:00:00 - Building dataset.
INFO - 09/18/20 11:05:03 - 0:00:00 - <fake_opt.Asr_train object at 0x7fdffd19c3a0>
INFO - 09/18/20 11:05:03 - 0:00:00 - Building dataset.
INFO - 09/18/20 11:18:30 - 0:00:00 - <fake_opt.Asr_train object at 0x7f0d803c5490>
INFO - 09/18/20 11:18:30 - 0:00:00 - Building dataset.
INFO - 09/18/20 11:24:41 - 0:00:00 - <fake_opt.Asr_train object at 0x7fd7c01aa520>
INFO - 09/18/20 11:24:41 - 0:00:00 - Building dataset.
INFO - 09/18/20 11:41:08 - 0:00:00 - <fake_opt.Asr_train object at 0x7fada8c9e490>
INFO - 09/18/20 11:41:08 - 0:00:00 - Building dataset.
INFO - 09/18/20 11:41:17 - 0:00:00 - <fake_opt.Asr_train object at 0x7f8b49e92730>
INFO - 09/18/20 11:41:17 - 0:00:00 - Building dataset.
INFO - 09/18/20 11:45:28 - 0:04:12 - #input dims : 257
INFO - 09/18/20 11:45:30 - 0:04:13 - #output dims: 3565
INFO - 09/18/20 11:45:49 - 0:04:32 - Dataset ready!
INFO - 09/18/20 11:46:57 - 0:00:00 - <fake_opt.Asr_train object at 0x7efd1017e580>
INFO - 09/18/20 11:46:57 - 0:00:00 - Building dataset.
INFO - 09/18/20 11:50:22 - 0:03:25 - #input dims : 257
INFO - 09/18/20 11:50:22 - 0:03:25 - #output dims: 3565
INFO - 09/18/20 11:50:22 - 0:03:25 - Dataset ready!
INFO - 09/18/20 15:18:26 - 0:00:00 - <fake_opt.Asr_train object at 0x7f16f420d580>
INFO - 09/18/20 15:18:26 - 0:00:00 - Building dataset.
INFO - 09/18/20 15:20:14 - 0:01:49 - #input dims : 257
INFO - 09/18/20 15:20:14 - 0:01:49 - #output dims: 3565
INFO - 09/18/20 15:20:14 - 0:01:49 - Dataset ready!
WARNING - 09/18/20 15:24:12 - 0:05:46 - Subsampling is not performed for vgg*. It is performed in max pooling layers at CNN.
INFO - 09/18/20 15:24:13 - 0:05:48 - subsample: 1 1 1 1 1 1 1 1 1
INFO - 09/18/20 15:30:24 - 0:00:00 - <fake_opt.Asr_train object at 0x7f75996095e0>
INFO - 09/18/20 15:30:24 - 0:00:00 - Building dataset.
INFO - 09/18/20 15:31:53 - 0:01:29 - #input dims : 257
INFO - 09/18/20 15:31:53 - 0:01:29 - #output dims: 3565
INFO - 09/18/20 15:31:53 - 0:01:29 - Dataset ready!
INFO - 09/18/20 15:32:58 - 0:02:34 - subsample: 1 2 2 1 1 1 1 1 1
INFO - 09/18/20 15:52:14 - 0:21:50 - BLSTM with every-layer projection for encoder
INFO - 09/19/20 10:04:35 - 0:00:00 - <fake_opt.Asr_train object at 0x7f36a049a250>
INFO - 09/19/20 10:04:35 - 0:00:00 - Building dataset.
INFO - 09/19/20 10:06:31 - 0:00:00 - <fake_opt.Asr_train object at 0x7fa9b06da2e0>
INFO - 09/19/20 10:06:31 - 0:00:00 - Building dataset.
INFO - 09/19/20 10:11:27 - 0:00:00 - <fake_opt.Asr_train object at 0x7f877a3ad400>
INFO - 09/19/20 10:11:27 - 0:00:00 - Building dataset.
INFO - 09/19/20 10:27:17 - 0:15:50 - #input dims : 257
INFO - 09/19/20 10:27:20 - 0:15:53 - #output dims: 3565
INFO - 09/19/20 10:27:20 - 0:15:53 - Dataset ready!
INFO - 09/19/20 10:30:48 - 0:19:21 - subsample: 1 2 2 1 1 1 1 1 1
INFO - 09/19/20 10:30:48 - 0:19:21 - BLSTM with every-layer projection for encoder
INFO - 09/19/20 10:37:22 - 0:00:00 - <fake_opt.Asr_train object at 0x7ff2f4507970>
INFO - 09/19/20 10:37:22 - 0:00:00 - Building dataset.
INFO - 09/19/20 10:38:44 - 0:01:22 - #input dims : 257
INFO - 09/19/20 10:38:44 - 0:01:22 - #output dims: 3565
INFO - 09/19/20 10:38:44 - 0:01:22 - Dataset ready!
INFO - 09/19/20 10:38:59 - 0:01:38 - subsample: 1 2 2 1 1 1 1 1 1
INFO - 09/19/20 10:44:37 - 0:07:15 - BLSTM with every-layer projection for encoder
INFO - 09/19/20 11:47:48 - 0:00:00 - <fake_opt.Asr_train object at 0x7f8688a24a30>
INFO - 09/19/20 11:47:48 - 0:00:00 - Building dataset.
INFO - 09/19/20 11:49:04 - 0:01:17 - #input dims : 257
INFO - 09/19/20 11:49:04 - 0:01:17 - #output dims: 3565
INFO - 09/19/20 11:49:04 - 0:01:17 - Dataset ready!
INFO - 09/19/20 11:49:13 - 0:01:25 - subsample: 1 2 2 1 1 1 1 1 1
INFO - 09/19/20 11:49:21 - 0:01:33 - BLSTM with every-layer projection for encoder
INFO - 09/19/20 11:55:55 - 0:00:00 - <fake_opt.Asr_train object at 0x7f6870522a30>
INFO - 09/19/20 11:55:55 - 0:00:00 - Building dataset.
INFO - 09/19/20 11:57:14 - 0:01:19 - #input dims : 257
INFO - 09/19/20 11:57:14 - 0:01:19 - #output dims: 3565
INFO - 09/19/20 11:57:14 - 0:01:19 - Dataset ready!
INFO - 09/19/20 11:57:16 - 0:01:21 - subsample: 1 2 2 1 1 1 1 1 1
INFO - 09/19/20 11:57:21 - 0:01:26 - BLSTM with every-layer projection for encoder
INFO - 09/19/20 13:51:38 - 0:00:00 - <fake_opt.Asr_train object at 0x7f31bd2f2a30>
INFO - 09/19/20 13:51:38 - 0:00:00 - Building dataset.
INFO - 09/19/20 13:52:43 - 0:01:06 - #input dims : 257
INFO - 09/19/20 13:52:43 - 0:01:06 - #output dims: 3565
INFO - 09/19/20 13:52:43 - 0:01:06 - Dataset ready!
INFO - 09/19/20 13:52:45 - 0:01:07 - subsample: 1 2 2 1 1 1 1 1 1
INFO - 09/19/20 13:52:48 - 0:01:10 - BLSTM with every-layer projection for encoder
INFO - 09/19/20 13:54:29 - 0:00:00 - <fake_opt.Asr_train object at 0x7f449c8f09a0>
INFO - 09/19/20 13:54:29 - 0:00:00 - Building dataset.
INFO - 09/19/20 13:55:44 - 0:01:15 - #input dims : 257
INFO - 09/19/20 13:55:44 - 0:01:15 - #output dims: 3565
INFO - 09/19/20 13:55:44 - 0:01:15 - Dataset ready!
INFO - 09/19/20 13:56:43 - 0:02:14 - subsample: 1 2 2 1 1 1 1 1 1
INFO - 09/19/20 13:56:48 - 0:02:19 - BLSTM with every-layer projection for encoder
INFO - 09/19/20 15:16:09 - 0:00:00 - <fake_opt.Asr_train object at 0x7efcf1853310>
INFO - 09/19/20 15:16:09 - 0:00:00 - Building dataset.
INFO - 09/19/20 15:17:03 - 0:00:54 - #input dims : 257
INFO - 09/19/20 15:17:03 - 0:00:54 - #output dims: 3565
INFO - 09/19/20 15:17:03 - 0:00:54 - Dataset ready!
INFO - 09/19/20 15:17:03 - 0:00:54 - subsample: 1 2 2 1 1 1 1 1 1
INFO - 09/19/20 15:17:11 - 0:01:02 - BLSTM with every-layer projection for encoder
INFO - 09/19/20 16:23:50 - 0:00:00 - <fake_opt.Asr_train object at 0x7fe5149041c0>
INFO - 09/19/20 16:23:50 - 0:00:00 - Building dataset.
INFO - 09/19/20 16:24:38 - 0:00:00 - <fake_opt.Asr_train object at 0x7f074450e220>
INFO - 09/19/20 16:24:38 - 0:00:00 - Building dataset.
INFO - 09/19/20 16:25:29 - 0:00:51 - #input dims : 257
INFO - 09/19/20 16:25:29 - 0:00:51 - #output dims: 3565
INFO - 09/19/20 16:25:29 - 0:00:51 - Dataset ready!
INFO - 09/19/20 16:25:29 - 0:00:51 - subsample: 1 2 2 1 1 1 1 1 1
INFO - 09/19/20 16:25:33 - 0:00:55 - BLSTM with every-layer projection for encoder
INFO - 09/19/20 16:29:30 - 0:00:00 - <fake_opt.Asr_train object at 0x7f6aa2ce31c0>
INFO - 09/19/20 16:29:30 - 0:00:00 - Building dataset.
INFO - 09/19/20 16:30:20 - 0:00:50 - #input dims : 257
INFO - 09/19/20 16:30:20 - 0:00:50 - #output dims: 3565
INFO - 09/19/20 16:30:20 - 0:00:50 - Dataset ready!
INFO - 09/19/20 16:30:20 - 0:00:50 - subsample: 1 2 2 1 1 1 1 1 1
INFO - 09/19/20 16:30:25 - 0:00:55 - BLSTM with every-layer projection for encoder
INFO - 09/19/20 16:34:02 - 0:00:00 - <fake_opt.Asr_train object at 0x7f39e2c20340>
INFO - 09/19/20 16:34:02 - 0:00:00 - Building dataset.
INFO - 09/19/20 16:35:14 - 0:01:11 - #input dims : 257
INFO - 09/19/20 16:35:14 - 0:01:11 - #output dims: 3565
INFO - 09/19/20 16:35:14 - 0:01:11 - Dataset ready!
INFO - 09/19/20 16:35:14 - 0:01:11 - subsample: 1 2 2 1 1 1 1 1 1
INFO - 09/19/20 16:35:18 - 0:01:16 - BLSTM with every-layer projection for encoder
INFO - 09/19/20 16:45:11 - 0:00:00 - <fake_opt.Asr_train object at 0x7fc249fca520>
INFO - 09/19/20 16:45:11 - 0:00:00 - Building dataset.
INFO - 09/19/20 16:46:07 - 0:00:55 - #input dims : 257
INFO - 09/19/20 16:46:07 - 0:00:55 - #output dims: 3565
INFO - 09/19/20 16:46:07 - 0:00:55 - Dataset ready!
INFO - 09/19/20 16:46:07 - 0:00:55 - subsample: 1 2 2 1 1 1 1 1 1
INFO - 09/19/20 16:46:10 - 0:00:59 - BLSTM with every-layer projection for encoder
INFO - 09/19/20 16:56:45 - 0:00:00 - <fake_opt.Asr_train object at 0x7f5d50651400>
INFO - 09/19/20 16:56:45 - 0:00:00 - Building dataset.
INFO - 09/19/20 16:57:49 - 0:01:04 - #input dims : 257
INFO - 09/19/20 16:57:49 - 0:01:04 - #output dims: 3565
INFO - 09/19/20 16:57:49 - 0:01:04 - Dataset ready!
INFO - 09/19/20 16:57:49 - 0:01:04 - subsample: 1 2 2 1 1 1 1 1 1
INFO - 09/19/20 16:58:04 - 0:01:19 - BLSTM with every-layer projection for encoder
INFO - 09/19/20 17:04:27 - 0:00:00 - <fake_opt.Asr_train object at 0x7f8f79f2f190>
INFO - 09/19/20 17:04:27 - 0:00:00 - Building dataset.
INFO - 09/19/20 17:05:29 - 0:01:02 - #input dims : 257
INFO - 09/19/20 17:05:29 - 0:01:02 - #output dims: 3565
INFO - 09/19/20 17:05:29 - 0:01:02 - Dataset ready!
INFO - 09/19/20 17:05:29 - 0:01:02 - subsample: 1 2 2 1 1 1 1 1 1
INFO - 09/19/20 17:05:29 - 0:01:02 - BLSTM with every-layer projection for encoder
INFO - 09/19/20 17:06:54 - 0:00:00 - <fake_opt.Asr_train object at 0x7fecbc5d4160>
INFO - 09/19/20 17:06:54 - 0:00:00 - Building dataset.
INFO - 09/19/20 17:07:46 - 0:00:52 - #input dims : 257
INFO - 09/19/20 17:07:46 - 0:00:52 - #output dims: 3565
INFO - 09/19/20 17:07:46 - 0:00:52 - Dataset ready!
INFO - 09/19/20 17:07:46 - 0:00:52 - subsample: 1 2 2 1 1 1 1 1 1
INFO - 09/19/20 17:07:46 - 0:00:52 - BLSTM with every-layer projection for encoder
INFO - 09/19/20 17:13:36 - 0:00:00 - <fake_opt.Asr_train object at 0x7f308ca31160>
INFO - 09/19/20 17:13:36 - 0:00:00 - Building dataset.
INFO - 09/19/20 17:14:40 - 0:01:03 - #input dims : 257
INFO - 09/19/20 17:14:40 - 0:01:03 - #output dims: 3565
INFO - 09/19/20 17:14:40 - 0:01:03 - Dataset ready!
INFO - 09/19/20 17:14:40 - 0:01:03 - subsample: 1 2 2 1 1 1 1 1 1
INFO - 09/19/20 17:14:40 - 0:01:04 - BLSTM with every-layer projection for encoder
INFO - 09/19/20 17:15:22 - 0:00:00 - <fake_opt.Asr_train object at 0x7ff434db7220>
INFO - 09/19/20 17:15:22 - 0:00:00 - Building dataset.
INFO - 09/19/20 17:16:12 - 0:00:49 - #input dims : 257
INFO - 09/19/20 17:16:12 - 0:00:49 - #output dims: 3565
INFO - 09/19/20 17:16:12 - 0:00:49 - Dataset ready!
INFO - 09/19/20 17:16:12 - 0:00:49 - subsample: 1 2 2 1 1 1 1 1 1
INFO - 09/19/20 17:16:12 - 0:00:49 - BLSTM with every-layer projection for encoder
INFO - 09/19/20 17:22:10 - 0:00:00 - <fake_opt.Asr_train object at 0x7ff3ecd754c0>
INFO - 09/19/20 17:22:10 - 0:00:00 - Building dataset.
INFO - 09/19/20 17:23:13 - 0:01:03 - #input dims : 257
INFO - 09/19/20 17:23:13 - 0:01:03 - #output dims: 3565
INFO - 09/19/20 17:23:13 - 0:01:03 - Dataset ready!
INFO - 09/19/20 17:23:13 - 0:01:03 - subsample: 1 2 2 1 1 1 1 1 1
INFO - 09/19/20 17:23:13 - 0:01:03 - BLSTM with every-layer projection for encoder
